<?xml version="1.0" encoding="UTF-8"?>
<robot generator="Robot 3.0.2 (Python 3.5.3 on linux)" generated="20180403 18:39:12.846">
<suite name="Tests" source="/home/mark/PycharmProjects/ps_test_task/tests" id="s1">
<suite name="Test Client" source="/home/mark/PycharmProjects/ps_test_task/tests/test_client.robot" id="s1-s1">
<kw name="Connect To Db" type="setup" library="ClientLibrary">
<status endtime="20180403 18:39:12.992" status="PASS" starttime="20180403 18:39:12.991"></status>
</kw>
<test name="Test case" id="s1-s1-t1">
<kw name="Get Client With Positive Balance" library="ClientLibrary">
<assign>
<var>${client_balance}</var>
</assign>
<msg timestamp="20180403 18:39:12.994" level="INFO">${client_balance} = (3, 3.5)</msg>
<status endtime="20180403 18:39:12.994" status="PASS" starttime="20180403 18:39:12.993"></status>
</kw>
<kw name="Get Client Services" library="ClientLibrary">
<arguments>
<arg>${URL}</arg>
<arg>${client_balance}</arg>
</arguments>
<assign>
<var>${client_services}</var>
</assign>
<msg timestamp="20180403 18:39:13.006" level="INFO">${client_services} = {'count': 2, 'items': [{'name': 'Service #1', 'cost': 1.2, 'id': 1}, {'name': 'Service #5', 'cost': 0.05, 'id': 5}]}</msg>
<status endtime="20180403 18:39:13.006" status="PASS" starttime="20180403 18:39:12.994"></status>
</kw>
<kw name="Get Services" library="ClientLibrary">
<arguments>
<arg>${URL}</arg>
</arguments>
<assign>
<var>${services}</var>
</assign>
<msg timestamp="20180403 18:39:13.016" level="INFO">${services} = {'count': 5, 'items': [{'name': 'Service #1', 'cost': 1.2, 'id': 1}, {'name': 'Service #2', 'cost': 0.35, 'id': 2}, {'name': 'Service #3', 'cost': 0.15, 'id': 3}, {'name': 'Service #4', 'cost': 0.15, ...</msg>
<status endtime="20180403 18:39:13.016" status="PASS" starttime="20180403 18:39:13.007"></status>
</kw>
<kw name="Get Unused Services" library="ClientLibrary">
<arguments>
<arg>${client_services}</arg>
<arg>${services}</arg>
</arguments>
<assign>
<var>${unused_service}</var>
</assign>
<msg timestamp="20180403 18:39:13.017" level="INFO">${unused_service} = {'name': 'Service #2', 'cost': 0.35, 'id': 2}</msg>
<status endtime="20180403 18:39:13.017" status="PASS" starttime="20180403 18:39:13.017"></status>
</kw>
<kw name="Set Client Service" library="ClientLibrary">
<arguments>
<arg>${URL}</arg>
<arg>${client_balance}</arg>
<arg>${unused_service}</arg>
</arguments>
<status endtime="20180403 18:39:13.027" status="PASS" starttime="20180403 18:39:13.018"></status>
</kw>
<kw name="Wait New Service" library="ClientLibrary">
<arguments>
<arg>${URL}</arg>
<arg>${client_balance}</arg>
<arg>${unused_service}</arg>
</arguments>
<status endtime="20180403 18:39:43.105" status="PASS" starttime="20180403 18:39:13.027"></status>
</kw>
<kw name="Get Client Balance" library="ClientLibrary">
<arguments>
<arg>${client_balance}</arg>
</arguments>
<assign>
<var>${current_balance}</var>
</assign>
<msg timestamp="20180403 18:39:43.106" level="INFO">${current_balance} = 3.5</msg>
<status endtime="20180403 18:39:43.107" status="PASS" starttime="20180403 18:39:43.106"></status>
</kw>
<kw name="Compare Start End Balance" library="ClientLibrary">
<arguments>
<arg>${client_balance}</arg>
<arg>${unused_service}</arg>
<arg>${current_balance}</arg>
</arguments>
<msg timestamp="20180403 18:39:43.110" level="FAIL">Expected status to be '3.15' but was '3.5'.: 3.15 != 3.5</msg>
<status endtime="20180403 18:39:43.110" status="FAIL" starttime="20180403 18:39:43.107"></status>
</kw>
<status endtime="20180403 18:39:43.110" status="FAIL" critical="yes" starttime="20180403 18:39:12.992">Expected status to be '3.15' but was '3.5'.: 3.15 != 3.5</status>
</test>
<status endtime="20180403 18:39:43.111" status="FAIL" starttime="20180403 18:39:12.893"></status>
</suite>
<status endtime="20180403 18:39:43.113" status="FAIL" starttime="20180403 18:39:12.847"></status>
</suite>
<statistics>
<total>
<stat fail="1" pass="0">Critical Tests</stat>
<stat fail="1" pass="0">All Tests</stat>
</total>
<tag>
</tag>
<suite>
<stat fail="1" name="Tests" pass="0" id="s1">Tests</stat>
<stat fail="1" name="Test Client" pass="0" id="s1-s1">Tests.Test Client</stat>
</suite>
</statistics>
<errors>
</errors>
</robot>
