<?xml version="1.0" encoding="UTF-8"?>
<robot generator="Robot 3.0.2 (Python 3.5.3 on linux)" generated="20180404 17:45:03.985">
<suite source="/home/mark/PycharmProjects/ps_test_task/tests" id="s1" name="Tests">
<suite source="/home/mark/PycharmProjects/ps_test_task/tests/test_client.robot" id="s1-s1" name="Test Client">
<test id="s1-s1-t1" name="Test case">
<kw type="setup" library="ClientLibrary" name="Connect To Db">
<doc>Connect to database</doc>
<status starttime="20180404 17:45:04.153" status="PASS" endtime="20180404 17:45:04.153"></status>
</kw>
<kw library="ClientLibrary" name="Get Client With Positive Balance">
<doc>Return id and balance of client with positive balance</doc>
<arguments>
<arg>${BALANCE_FOR_NEW_CLIENT}</arg>
</arguments>
<assign>
<var>${client_balance}</var>
</assign>
<msg level="INFO" timestamp="20180404 17:45:04.154">${client_balance} = (3, 3.5)</msg>
<status starttime="20180404 17:45:04.153" status="PASS" endtime="20180404 17:45:04.154"></status>
</kw>
<kw library="ClientLibrary" name="Get Client Services">
<doc>Return the dictionary services of client</doc>
<arguments>
<arg>${URL}</arg>
<arg>${client_balance}</arg>
</arguments>
<assign>
<var>${client_services}</var>
</assign>
<msg level="INFO" timestamp="20180404 17:45:05.310">${client_services} = {'items': [{'id': 1, 'cost': 1.2, 'name': 'Service #1'}, {'id': 4, 'cost': 0.15, 'name': 'Service #4'}, {'id': 5, 'cost': 0.05, 'name': 'Service #5'}], 'count': 3}</msg>
<status starttime="20180404 17:45:04.155" status="PASS" endtime="20180404 17:45:05.310"></status>
</kw>
<kw library="ClientLibrary" name="Get Services">
<doc>Return the dictionary of available services</doc>
<arguments>
<arg>${URL}</arg>
</arguments>
<assign>
<var>${services}</var>
</assign>
<msg level="INFO" timestamp="20180404 17:45:05.447">${services} = {'items': [{'id': 1, 'cost': 1.2, 'name': 'Service #1'}, {'id': 2, 'cost': 0.35, 'name': 'Service #2'}, {'id': 3, 'cost': 0.15, 'name': 'Service #3'}, {'id': 4, 'cost': 0.15, 'name': 'Service #4'}, {'...</msg>
<status starttime="20180404 17:45:05.310" status="PASS" endtime="20180404 17:45:05.448"></status>
</kw>
<kw library="ClientLibrary" name="Get Unused Services">
<doc>Return a random unused service</doc>
<arguments>
<arg>${client_services}</arg>
<arg>${services}</arg>
</arguments>
<assign>
<var>${unused_service}</var>
</assign>
<msg level="INFO" timestamp="20180404 17:45:05.448">${unused_service} = {'id': 3, 'cost': 0.15, 'name': 'Service #3'}</msg>
<status starttime="20180404 17:45:05.448" status="PASS" endtime="20180404 17:45:05.448"></status>
</kw>
<kw library="ClientLibrary" name="Set Client Service">
<doc>Set a service for client</doc>
<arguments>
<arg>${URL}</arg>
<arg>${client_balance}</arg>
<arg>${unused_service}</arg>
</arguments>
<status starttime="20180404 17:45:05.449" status="PASS" endtime="20180404 17:45:05.581"></status>
</kw>
<kw library="ClientLibrary" name="Wait New Service">
<doc>Waiting for a new service to appear in the client list</doc>
<arguments>
<arg>${URL}</arg>
<arg>${client_balance}</arg>
<arg>${unused_service}</arg>
<arg>${WAIT_TIME}</arg>
</arguments>
<status starttime="20180404 17:45:05.582" status="PASS" endtime="20180404 17:45:25.695"></status>
</kw>
<kw library="ClientLibrary" name="Get Client Balances">
<doc>Return current and estimated balances of client</doc>
<arguments>
<arg>${client_balance}</arg>
<arg>${unused_service}</arg>
</arguments>
<assign>
<var>@{balanses}</var>
</assign>
<msg level="INFO" timestamp="20180404 17:45:25.697">@{balanses} = [ 3.5 | 3.35 ]</msg>
<status starttime="20180404 17:45:25.696" status="PASS" endtime="20180404 17:45:25.697"></status>
</kw>
<kw library="BuiltIn" name="Should Be Equal">
<doc>Fails if the given objects are unequal.</doc>
<arguments>
<arg>@{balanses}[0]</arg>
<arg>@{balanses}[1]</arg>
<arg>Expected balance of client to be @{balanses}[0] but was @{balanses}[1]</arg>
<arg>values=False</arg>
</arguments>
<msg level="FAIL" timestamp="20180404 17:45:25.699">Expected balance of client to be 3.5 but was 3.35</msg>
<status starttime="20180404 17:45:25.697" status="FAIL" endtime="20180404 17:45:25.699"></status>
</kw>
<kw type="teardown" library="ClientLibrary" name="Close Db">
<status starttime="20180404 17:45:25.700" status="PASS" endtime="20180404 17:45:25.700"></status>
</kw>
<status starttime="20180404 17:45:04.152" status="FAIL" endtime="20180404 17:45:25.700" critical="yes">Expected balance of client to be 3.5 but was 3.35</status>
</test>
<status starttime="20180404 17:45:04.022" status="FAIL" endtime="20180404 17:45:25.701"></status>
</suite>
<status starttime="20180404 17:45:03.987" status="FAIL" endtime="20180404 17:45:25.705"></status>
</suite>
<statistics>
<total>
<stat fail="1" pass="0">Critical Tests</stat>
<stat fail="1" pass="0">All Tests</stat>
</total>
<tag>
</tag>
<suite>
<stat fail="1" id="s1" pass="0" name="Tests">Tests</stat>
<stat fail="1" id="s1-s1" pass="0" name="Test Client">Tests.Test Client</stat>
</suite>
</statistics>
<errors>
</errors>
</robot>
