<?xml version="1.0" encoding="UTF-8"?>
<robot generator="Robot 3.0.2 (Python 3.5.3 on linux)" generated="20180405 23:52:27.897">
<suite source="/home/mark/PycharmProjects/ps_test_task/tests" id="s1" name="Tests">
<suite source="/home/mark/PycharmProjects/ps_test_task/tests/test_client.robot" id="s1-s1" name="Test Client">
<test id="s1-s1-t1" name="Test case">
<kw type="setup" library="ClientLibrary" name="Connect To Db">
<doc>Connect to database</doc>
<arguments>
<arg>${DATABASE_PATH}</arg>
</arguments>
<status starttime="20180405 23:52:28.084" endtime="20180405 23:52:28.085" status="PASS"></status>
</kw>
<kw library="ClientLibrary" name="Take Add Client With Positive Balance">
<doc>Return id and balance of client with positive balance or</doc>
<arguments>
<arg>${BALANCE_FOR_NEW_CLIENT}</arg>
</arguments>
<assign>
<var>${client_balance}</var>
</assign>
<msg timestamp="20180405 23:52:28.087" level="INFO">${client_balance} = (3, 3.5)</msg>
<status starttime="20180405 23:52:28.085" endtime="20180405 23:52:28.087" status="PASS"></status>
</kw>
<kw library="ClientLibrary" name="Get Client Services">
<doc>Return the dictionary services of client</doc>
<arguments>
<arg>${client_balance}</arg>
</arguments>
<assign>
<var>${client_services}</var>
</assign>
<msg timestamp="20180405 23:52:28.100" level="INFO">${client_services} = {'items': [{'id': 1, 'cost': 1.2, 'name': 'Service #1'}, {'id': 2, 'cost': 0.35, 'name': 'Service #2'}], 'count': 2}</msg>
<status starttime="20180405 23:52:28.087" endtime="20180405 23:52:28.100" status="PASS"></status>
</kw>
<kw library="ClientLibrary" name="Get Services">
<doc>Return the dictionary of available services</doc>
<assign>
<var>${services}</var>
</assign>
<msg timestamp="20180405 23:52:28.108" level="INFO">${services} = {'items': [{'id': 1, 'cost': 1.2, 'name': 'Service #1'}, {'id': 2, 'cost': 0.35, 'name': 'Service #2'}, {'id': 3, 'cost': 0.15, 'name': 'Service #3'}, {'id': 4, 'cost': 0.15, 'name': 'Service #4'}, {'...</msg>
<status starttime="20180405 23:52:28.101" endtime="20180405 23:52:28.109" status="PASS"></status>
</kw>
<kw library="ClientLibrary" name="Get Unused Service">
<doc>Return a unused service</doc>
<arguments>
<arg>${client_services}</arg>
<arg>${services}</arg>
</arguments>
<assign>
<var>${unused_service}</var>
</assign>
<msg timestamp="20180405 23:52:28.110" level="INFO">${unused_service} = {'id': 3, 'cost': 0.15, 'name': 'Service #3'}</msg>
<status starttime="20180405 23:52:28.109" endtime="20180405 23:52:28.110" status="PASS"></status>
</kw>
<kw library="ClientLibrary" name="Set Client Service">
<doc>Set a service for client</doc>
<arguments>
<arg>${client_balance}</arg>
<arg>${unused_service}</arg>
</arguments>
<status starttime="20180405 23:52:28.110" endtime="20180405 23:52:28.130" status="PASS"></status>
</kw>
<kw library="ClientLibrary" name="Wait New Service">
<doc>Waiting for a new service to appear in the client list</doc>
<arguments>
<arg>${client_balance}</arg>
<arg>${unused_service}</arg>
<arg>${WAIT_TIME}</arg>
</arguments>
<status starttime="20180405 23:52:28.131" endtime="20180405 23:52:33.154" status="PASS"></status>
</kw>
<kw library="ClientLibrary" name="Get Client Balances">
<doc>Return current and estimated balances of client</doc>
<arguments>
<arg>${client_balance}</arg>
<arg>${unused_service}</arg>
</arguments>
<assign>
<var>@{balanses}</var>
</assign>
<msg timestamp="20180405 23:52:33.156" level="INFO">@{balanses} = [ 3.5 | 3.35 ]</msg>
<status starttime="20180405 23:52:33.155" endtime="20180405 23:52:33.156" status="PASS"></status>
</kw>
<kw library="BuiltIn" name="Should Be Equal">
<doc>Fails if the given objects are unequal.</doc>
<arguments>
<arg>@{balanses}[0]</arg>
<arg>@{balanses}[1]</arg>
<arg>Expected balance of client to be @{balanses}[0] but was @{balanses}[1]</arg>
<arg>values=False</arg>
</arguments>
<msg timestamp="20180405 23:52:33.158" level="FAIL">Expected balance of client to be 3.5 but was 3.35</msg>
<status starttime="20180405 23:52:33.156" endtime="20180405 23:52:33.158" status="FAIL"></status>
</kw>
<kw type="teardown" library="ClientLibrary" name="Close Db">
<doc>Close connection with database</doc>
<status starttime="20180405 23:52:33.158" endtime="20180405 23:52:33.159" status="PASS"></status>
</kw>
<status critical="yes" starttime="20180405 23:52:28.083" endtime="20180405 23:52:33.159" status="FAIL">Expected balance of client to be 3.5 but was 3.35</status>
</test>
<status starttime="20180405 23:52:27.953" endtime="20180405 23:52:33.160" status="FAIL"></status>
</suite>
<status starttime="20180405 23:52:27.899" endtime="20180405 23:52:33.163" status="FAIL"></status>
</suite>
<statistics>
<total>
<stat pass="0" fail="1">Critical Tests</stat>
<stat pass="0" fail="1">All Tests</stat>
</total>
<tag>
</tag>
<suite>
<stat pass="0" fail="1" id="s1" name="Tests">Tests</stat>
<stat pass="0" fail="1" id="s1-s1" name="Test Client">Tests.Test Client</stat>
</suite>
</statistics>
<errors>
</errors>
</robot>
