<?xml version="1.0" encoding="UTF-8"?>
<robot generator="Robot 3.0.2 (Python 3.5.3 on linux)" generated="20180406 11:26:46.820">
<suite name="Tests" source="/home/mark/PycharmProjects/ps_test_task/tests" id="s1">
<suite name="Test Client" source="/home/mark/PycharmProjects/ps_test_task/tests/test_client.robot" id="s1-s1">
<test name="Test case" id="s1-s1-t1">
<kw library="ClientLibrary" name="Connect To Db" type="setup">
<doc>Connect to database</doc>
<arguments>
<arg>${DATABASE_PATH}</arg>
</arguments>
<status endtime="20180406 11:26:46.997" starttime="20180406 11:26:46.996" status="PASS"></status>
</kw>
<kw library="ClientLibrary" name="Take Add Client With Positive Balance">
<doc>Return id and balance of client with positive balance or</doc>
<arguments>
<arg>${BALANCE_FOR_NEW_CLIENT}</arg>
</arguments>
<assign>
<var>${client_id}</var>
<var>${start_balance}</var>
</assign>
<msg timestamp="20180406 11:26:46.999" level="INFO">${client_id} = 3</msg>
<msg timestamp="20180406 11:26:47.000" level="INFO">${start_balance} = 3.5</msg>
<status endtime="20180406 11:26:47.000" starttime="20180406 11:26:46.998" status="PASS"></status>
</kw>
<kw library="ClientLibrary" name="Get Client Services">
<doc>Return the dictionary services of client</doc>
<arguments>
<arg>${client_id}</arg>
</arguments>
<assign>
<var>${client_services}</var>
</assign>
<msg timestamp="20180406 11:26:47.053" level="INFO">${client_services} = {'items': [{'name': 'Service #1', 'cost': 1.2, 'id': 1}], 'count': 1}</msg>
<status endtime="20180406 11:26:47.053" starttime="20180406 11:26:47.000" status="PASS"></status>
</kw>
<kw library="ClientLibrary" name="Get Services">
<doc>Return the dictionary of available services</doc>
<assign>
<var>${services}</var>
</assign>
<msg timestamp="20180406 11:26:47.061" level="INFO">${services} = {'items': [{'name': 'Service #1', 'cost': 1.2, 'id': 1}, {'name': 'Service #2', 'cost': 0.35, 'id': 2}, {'name': 'Service #3', 'cost': 0.15, 'id': 3}, {'name': 'Service #4', 'cost': 0.15, 'id': 4}, {'...</msg>
<status endtime="20180406 11:26:47.061" starttime="20180406 11:26:47.053" status="PASS"></status>
</kw>
<kw library="ClientLibrary" name="Get Unused Service">
<doc>Return a unused service</doc>
<arguments>
<arg>${client_services}</arg>
<arg>${services}</arg>
</arguments>
<assign>
<var>${service_id}</var>
<var>${service_cost}</var>
</assign>
<msg timestamp="20180406 11:26:47.063" level="INFO">${service_id} = 2</msg>
<msg timestamp="20180406 11:26:47.063" level="INFO">${service_cost} = 0.35</msg>
<status endtime="20180406 11:26:47.063" starttime="20180406 11:26:47.062" status="PASS"></status>
</kw>
<kw library="ClientLibrary" name="Add New Service To Client">
<doc>Adds a new service to the client</doc>
<arguments>
<arg>${client_id}</arg>
<arg>${service_id}</arg>
</arguments>
<status endtime="20180406 11:26:47.075" starttime="20180406 11:26:47.063" status="PASS"></status>
</kw>
<kw library="ClientLibrary" name="Wait Appear New Service For Client">
<doc>Waiting for a new service to appear in the client list</doc>
<arguments>
<arg>${client_id}</arg>
<arg>${service_id}</arg>
<arg>${WAIT_TIME}</arg>
</arguments>
<status endtime="20180406 11:26:57.114" starttime="20180406 11:26:47.075" status="PASS"></status>
</kw>
<kw library="ClientLibrary" name="Get Client Balance">
<doc>Return current balance of client</doc>
<arguments>
<arg>${client_id}</arg>
</arguments>
<assign>
<var>${current_balance}</var>
</assign>
<msg timestamp="20180406 11:26:57.115" level="INFO">${current_balance} = 3.5</msg>
<status endtime="20180406 11:26:57.115" starttime="20180406 11:26:57.114" status="PASS"></status>
</kw>
<kw library="ClientLibrary" name="Check Balance Reduced To Service Cost">
<doc>Check current balance of client and calculated balance</doc>
<arguments>
<arg>${start_balance}</arg>
<arg>${current_balance}</arg>
<arg>${service_cost}</arg>
</arguments>
<msg timestamp="20180406 11:26:57.116" level="FAIL">Expected balance of client to be 3.15 but was 3.5</msg>
<status endtime="20180406 11:26:57.116" starttime="20180406 11:26:57.115" status="FAIL"></status>
</kw>
<kw library="ClientLibrary" name="Close Db" type="teardown">
<doc>Close connection with database</doc>
<status endtime="20180406 11:26:57.117" starttime="20180406 11:26:57.117" status="PASS"></status>
</kw>
<status endtime="20180406 11:26:57.117" starttime="20180406 11:26:46.995" status="FAIL" critical="yes">Expected balance of client to be 3.15 but was 3.5</status>
</test>
<status endtime="20180406 11:26:57.118" starttime="20180406 11:26:46.875" status="FAIL"></status>
</suite>
<status endtime="20180406 11:26:57.120" starttime="20180406 11:26:46.823" status="FAIL"></status>
</suite>
<statistics>
<total>
<stat fail="1" pass="0">Critical Tests</stat>
<stat fail="1" pass="0">All Tests</stat>
</total>
<tag>
</tag>
<suite>
<stat fail="1" pass="0" name="Tests" id="s1">Tests</stat>
<stat fail="1" pass="0" name="Test Client" id="s1-s1">Tests.Test Client</stat>
</suite>
</statistics>
<errors>
</errors>
</robot>
